c:\users\administrator\desktop\code project\lap trinh huong doi tuong\thuchanhbuacuoi\x64\debug\vc143.pdb
c:\users\administrator\desktop\code project\lap trinh huong doi tuong\thuchanhbuacuoi\x64\debug\vc143.idb
c:\users\administrator\desktop\code project\lap trinh huong doi tuong\thuchanhbuacuoi\x64\debug\vetungphan.obj
c:\users\administrator\desktop\code project\lap trinh huong doi tuong\thuchanhbuacuoi\x64\debug\vetrongoi.obj
c:\users\administrator\desktop\code project\lap trinh huong doi tuong\thuchanhbuacuoi\x64\debug\ve.obj
c:\users\administrator\desktop\code project\lap trinh huong doi tuong\thuchanhbuacuoi\x64\debug\main1.obj
c:\users\administrator\desktop\code project\lap trinh huong doi tuong\thuchanhbuacuoi\x64\debug\damsen.obj
c:\users\administrator\desktop\code project\lap trinh huong doi tuong\thuchanhbuacuoi\x64\debug\nhanvien.obj
c:\users\administrator\desktop\code project\lap trinh huong doi tuong\thuchanhbuacuoi\x64\debug\main2.obj
c:\users\administrator\desktop\code project\lap trinh huong doi tuong\thuchanhbuacuoi\x64\debug\laptrinhvien.obj
c:\users\administrator\desktop\code project\lap trinh huong doi tuong\thuchanhbuacuoi\x64\debug\kiemchungvien.obj
c:\users\administrator\desktop\code project\lap trinh huong doi tuong\thuchanhbuacuoi\x64\debug\congty.obj
c:\users\administrator\desktop\code project\lap trinh huong doi tuong\x64\debug\thuchanhbuacuoi.exe
c:\users\administrator\desktop\code project\lap trinh huong doi tuong\thuchanhbuacuoi\x64\debug\thuchanhbuacuoi.ilk
c:\users\administrator\desktop\code project\lap trinh huong doi tuong\x64\debug\thuchanhbuacuoi.pdb
c:\users\administrator\desktop\code project\lap trinh huong doi tuong\thuchanhbuacuoi\x64\debug\thuchanhbuacuoi.tlog\cl.command.1.tlog
c:\users\administrator\desktop\code project\lap trinh huong doi tuong\thuchanhbuacuoi\x64\debug\thuchanhbuacuoi.tlog\cl.read.1.tlog
c:\users\administrator\desktop\code project\lap trinh huong doi tuong\thuchanhbuacuoi\x64\debug\thuchanhbuacuoi.tlog\cl.write.1.tlog
c:\users\administrator\desktop\code project\lap trinh huong doi tuong\thuchanhbuacuoi\x64\debug\thuchanhbuacuoi.tlog\link.command.1.tlog
c:\users\administrator\desktop\code project\lap trinh huong doi tuong\thuchanhbuacuoi\x64\debug\thuchanhbuacuoi.tlog\link.read.1.tlog
c:\users\administrator\desktop\code project\lap trinh huong doi tuong\thuchanhbuacuoi\x64\debug\thuchanhbuacuoi.tlog\link.write.1.tlog
